<?xml version="1.0" encoding="UTF-8"?>
<!-- Generated by org.testng.reporters.JUnitXMLReporter -->
<testsuite ignored="0" hostname="Madhavi" failures="1" tests="1" name="Test" time="22.496" errors="0" timestamp="2021-05-24T17:24:10 EDT">
  <testcase classname="com.DollarDays.testcases.TC_SiginTest_001" name="signinTest" time="15.007">
    <failure type="java.lang.AssertionError" message="expected [true] but found [false]">
      <![CDATA[java.lang.AssertionError: expected [true] but found [false]
at com.DollarDays.testcases.TC_SiginTest_001.signinTest(TC_SiginTest_001.java:43)
at java.base/java.util.ArrayList.forEach(ArrayList.java:1511)
... Removed 31 stack frames]]>
    </failure>
  </testcase> <!-- signinTest -->
</testsuite> <!-- Test -->
